TN:
SF:db.js
FNF:0
FNH:0
DA:1,27
DA:3,27
DA:11,27
LF:3
LH:3
BRF:0
BRH:0
end_of_record
TN:
SF:server.js
FN:40,(anonymous_0)
FN:85,(anonymous_1)
FN:94,(anonymous_2)
FN:216,(anonymous_3)
FN:237,(anonymous_4)
FN:258,(anonymous_5)
FN:269,(anonymous_6)
FN:280,(anonymous_7)
FN:295,(anonymous_8)
FN:334,(anonymous_9)
FN:343,(anonymous_10)
FN:344,(anonymous_11)
FN:361,(anonymous_12)
FN:362,(anonymous_13)
FN:378,(anonymous_14)
FN:415,(anonymous_15)
FN:429,(anonymous_16)
FN:552,(anonymous_17)
FN:592,(anonymous_18)
FN:684,(anonymous_19)
FN:736,(anonymous_20)
FN:773,(anonymous_21)
FN:813,(anonymous_22)
FN:850,(anonymous_23)
FN:865,(anonymous_24)
FN:886,(anonymous_25)
FN:905,(anonymous_26)
FN:921,(anonymous_27)
FN:945,(anonymous_28)
FN:966,(anonymous_29)
FN:1042,(anonymous_30)
FN:1061,(anonymous_31)
FN:1071,(anonymous_32)
FN:1178,(anonymous_33)
FN:1196,(anonymous_34)
FN:1201,(anonymous_35)
FN:1203,(anonymous_36)
FN:1421,(anonymous_37)
FN:1423,(anonymous_38)
FN:1426,(anonymous_39)
FN:1428,(anonymous_40)
FN:1431,(anonymous_41)
FN:1433,(anonymous_42)
FN:1436,(anonymous_43)
FN:1438,(anonymous_44)
FN:1443,(anonymous_45)
FN:1445,(anonymous_46)
FN:1448,(anonymous_47)
FN:1450,(anonymous_48)
FN:1455,(anonymous_49)
FN:1457,(anonymous_50)
FN:1460,(anonymous_51)
FN:1462,(anonymous_52)
FN:1465,(anonymous_53)
FN:1467,(anonymous_54)
FN:1472,(anonymous_55)
FN:1474,(anonymous_56)
FN:1477,(anonymous_57)
FN:1479,(anonymous_58)
FN:1482,(anonymous_59)
FN:1484,(anonymous_60)
FN:1487,(anonymous_61)
FN:1489,(anonymous_62)
FN:1492,(anonymous_63)
FN:1494,(anonymous_64)
FN:1497,(anonymous_65)
FN:1499,(anonymous_66)
FNF:67
FNH:59
FNDA:8,(anonymous_0)
FNDA:1,(anonymous_1)
FNDA:6,(anonymous_2)
FNDA:0,(anonymous_3)
FNDA:0,(anonymous_4)
FNDA:4,(anonymous_5)
FNDA:5,(anonymous_6)
FNDA:7,(anonymous_7)
FNDA:5,(anonymous_8)
FNDA:3,(anonymous_9)
FNDA:4,(anonymous_10)
FNDA:2,(anonymous_11)
FNDA:3,(anonymous_12)
FNDA:2,(anonymous_13)
FNDA:1,(anonymous_14)
FNDA:0,(anonymous_15)
FNDA:6,(anonymous_16)
FNDA:4,(anonymous_17)
FNDA:4,(anonymous_18)
FNDA:2,(anonymous_19)
FNDA:0,(anonymous_20)
FNDA:0,(anonymous_21)
FNDA:2,(anonymous_22)
FNDA:3,(anonymous_23)
FNDA:1,(anonymous_24)
FNDA:1,(anonymous_25)
FNDA:2,(anonymous_26)
FNDA:4,(anonymous_27)
FNDA:3,(anonymous_28)
FNDA:3,(anonymous_29)
FNDA:2,(anonymous_30)
FNDA:5,(anonymous_31)
FNDA:13,(anonymous_32)
FNDA:3,(anonymous_33)
FNDA:0,(anonymous_34)
FNDA:0,(anonymous_35)
FNDA:0,(anonymous_36)
FNDA:6,(anonymous_37)
FNDA:126,(anonymous_38)
FNDA:4,(anonymous_39)
FNDA:84,(anonymous_40)
FNDA:4,(anonymous_41)
FNDA:84,(anonymous_42)
FNDA:2,(anonymous_43)
FNDA:42,(anonymous_44)
FNDA:8,(anonymous_45)
FNDA:168,(anonymous_46)
FNDA:4,(anonymous_47)
FNDA:84,(anonymous_48)
FNDA:13,(anonymous_49)
FNDA:273,(anonymous_50)
FNDA:5,(anonymous_51)
FNDA:105,(anonymous_52)
FNDA:1,(anonymous_53)
FNDA:21,(anonymous_54)
FNDA:3,(anonymous_55)
FNDA:63,(anonymous_56)
FNDA:4,(anonymous_57)
FNDA:84,(anonymous_58)
FNDA:3,(anonymous_59)
FNDA:63,(anonymous_60)
FNDA:2,(anonymous_61)
FNDA:42,(anonymous_62)
FNDA:1,(anonymous_63)
FNDA:21,(anonymous_64)
FNDA:1,(anonymous_65)
FNDA:21,(anonymous_66)
DA:1,20
DA:2,20
DA:3,20
DA:4,20
DA:5,20
DA:6,20
DA:7,20
DA:10,20
DA:13,20
DA:23,20
DA:26,20
DA:27,20
DA:29,0
DA:33,20
DA:34,20
DA:35,0
DA:36,0
DA:40,20
DA:41,8
DA:43,8
DA:45,8
DA:46,6
DA:47,1
DA:51,4
DA:63,4
DA:66,4
DA:73,4
DA:84,4
DA:85,4
DA:86,1
DA:94,4
DA:95,6
DA:96,6
DA:97,6
DA:100,6
DA:101,1
DA:102,1
DA:103,1
DA:107,5
DA:109,2
DA:110,2
DA:111,2
DA:112,0
DA:113,0
DA:114,0
DA:115,0
DA:116,0
DA:117,0
DA:119,2
DA:122,2
DA:123,2
DA:124,2
DA:125,0
DA:126,0
DA:127,0
DA:128,0
DA:129,0
DA:130,0
DA:132,2
DA:135,1
DA:136,1
DA:137,1
DA:138,0
DA:139,0
DA:140,0
DA:141,0
DA:142,0
DA:143,0
DA:145,1
DA:148,0
DA:149,0
DA:150,0
DA:152,0
DA:156,5
DA:157,1
DA:159,1
DA:160,1
DA:169,1
DA:171,0
DA:175,4
DA:176,4
DA:177,4
DA:186,0
DA:191,6
DA:204,4
DA:206,4
DA:214,4
DA:216,0
DA:217,0
DA:218,0
DA:219,0
DA:222,0
DA:223,0
DA:224,0
DA:232,0
DA:237,1
DA:238,1
DA:239,0
DA:243,3
DA:246,4
DA:252,3
DA:253,3
DA:258,20
DA:259,4
DA:261,4
DA:263,4
DA:269,5
DA:272,4
DA:273,4
DA:275,4
DA:276,1
DA:280,3
DA:281,7
DA:284,3
DA:289,1
DA:290,1
DA:295,20
DA:296,5
DA:298,5
DA:300,5
DA:315,3
DA:332,3
DA:334,3
DA:335,3
DA:336,3
DA:339,3
DA:340,3
DA:341,2
DA:343,2
DA:344,4
DA:345,4
DA:346,0
DA:348,4
DA:356,1
DA:361,3
DA:362,3
DA:363,3
DA:366,3
DA:372,2
DA:373,2
DA:378,20
DA:379,1
DA:381,1
DA:383,1
DA:402,1
DA:407,0
DA:408,0
DA:412,20
DA:414,20
DA:415,0
DA:416,0
DA:419,20
DA:423,20
DA:424,20
DA:425,20
DA:429,20
DA:430,6
DA:431,6
DA:433,6
DA:435,6
DA:436,6
DA:441,6
DA:442,1
DA:443,1
DA:446,5
DA:447,5
DA:450,5
DA:451,5
DA:452,5
DA:453,2
DA:454,2
DA:456,3
DA:459,3
DA:463,3
DA:466,3
DA:467,3
DA:468,2
DA:470,2
DA:471,2
DA:474,2
DA:482,2
DA:483,0
DA:486,0
DA:503,0
DA:507,2
DA:508,2
DA:510,2
DA:511,2
DA:513,2
DA:520,2
DA:523,2
DA:528,2
DA:530,0
DA:536,3
DA:546,0
DA:547,0
DA:552,20
DA:553,4
DA:555,4
DA:557,4
DA:562,4
DA:563,2
DA:569,2
DA:570,2
DA:573,2
DA:580,2
DA:586,0
DA:587,0
DA:592,20
DA:593,4
DA:594,4
DA:596,4
DA:598,4
DA:599,4
DA:603,4
DA:605,4
DA:606,1
DA:607,1
DA:610,3
DA:611,3
DA:614,3
DA:615,3
DA:616,3
DA:619,3
DA:620,3
DA:626,3
DA:629,3
DA:630,3
DA:631,3
DA:659,3
DA:665,3
DA:666,2
DA:668,1
DA:669,1
DA:670,1
DA:672,1
DA:675,2
DA:678,1
DA:679,1
DA:684,20
DA:685,2
DA:686,2
DA:688,2
DA:690,2
DA:691,2
DA:698,2
DA:700,2
DA:701,1
DA:702,1
DA:705,1
DA:708,1
DA:709,1
DA:710,1
DA:713,1
DA:714,1
DA:720,1
DA:721,1
DA:725,1
DA:727,1
DA:730,0
DA:731,0
DA:736,20
DA:737,0
DA:738,0
DA:740,0
DA:742,0
DA:747,0
DA:748,0
DA:749,0
DA:752,0
DA:757,0
DA:758,0
DA:763,0
DA:764,0
DA:767,0
DA:768,0
DA:773,20
DA:774,0
DA:776,0
DA:784,0
DA:785,0
DA:792,0
DA:801,0
DA:807,0
DA:808,0
DA:813,20
DA:814,2
DA:816,2
DA:850,1
DA:851,3
DA:854,1
DA:859,1
DA:860,1
DA:865,20
DA:866,1
DA:867,1
DA:875,1
DA:880,0
DA:881,0
DA:886,20
DA:887,1
DA:888,1
DA:905,1
DA:906,2
DA:907,2
DA:910,1
DA:915,0
DA:916,0
DA:921,20
DA:922,4
DA:924,4
DA:926,4
DA:934,2
DA:939,2
DA:940,2
DA:945,20
DA:946,3
DA:948,3
DA:955,2
DA:960,1
DA:961,1
DA:966,20
DA:967,3
DA:969,3
DA:971,3
DA:986,3
DA:987,2
DA:991,1
DA:1000,1
DA:1014,1
DA:1021,1
DA:1026,1
DA:1036,1
DA:1042,1
DA:1043,2
DA:1047,1
DA:1048,1
DA:1051,1
DA:1058,1
DA:1061,5
DA:1065,0
DA:1066,0
DA:1071,20
DA:1081,13
DA:1083,13
DA:1092,13
DA:1094,13
DA:1095,2
DA:1096,2
DA:1100,11
DA:1111,11
DA:1113,11
DA:1121,11
DA:1122,3
DA:1124,3
DA:1125,3
DA:1129,1
DA:1130,1
DA:1131,1
DA:1136,1
DA:1144,3
DA:1149,3
DA:1150,2
DA:1151,2
DA:1159,0
DA:1165,9
DA:1166,9
DA:1167,2
DA:1171,7
DA:1172,7
DA:1173,7
DA:1176,7
DA:1178,1
DA:1180,3
DA:1181,1
DA:1182,1
DA:1185,2
DA:1186,1
DA:1187,1
DA:1189,1
DA:1194,1
DA:1196,0
DA:1197,0
DA:1201,0
DA:1202,0
DA:1203,0
DA:1204,0
DA:1206,0
DA:1207,0
DA:1213,0
DA:1215,6
DA:1217,1
DA:1218,1
DA:1221,1
DA:1222,1
DA:1225,7
DA:1226,7
DA:1227,7
DA:1230,7
DA:1257,7
DA:1258,6
DA:1259,6
DA:1262,6
DA:1263,1
DA:1265,1
DA:1267,3
DA:1268,3
DA:1269,3
DA:1270,3
DA:1272,3
DA:1273,1
DA:1276,1
DA:1277,1
DA:1278,1
DA:1281,1
DA:1282,1
DA:1286,1
DA:1288,1
DA:1299,2
DA:1300,2
DA:1303,3
DA:1332,6
DA:1335,6
DA:1341,6
DA:1345,6
DA:1347,4
DA:1348,4
DA:1349,4
DA:1351,4
DA:1353,4
DA:1360,4
DA:1363,0
DA:1369,0
DA:1372,2
DA:1374,2
DA:1382,6
DA:1389,6
DA:1395,6
DA:1397,6
DA:1411,1
DA:1412,1
DA:1417,20
DA:1422,6
DA:1423,126
DA:1427,4
DA:1428,84
DA:1432,4
DA:1433,84
DA:1437,2
DA:1438,42
DA:1444,8
DA:1445,168
DA:1449,4
DA:1450,84
DA:1456,13
DA:1457,273
DA:1461,5
DA:1462,105
DA:1466,1
DA:1467,21
DA:1473,3
DA:1474,63
DA:1478,4
DA:1479,84
DA:1483,3
DA:1484,63
DA:1488,2
DA:1489,42
DA:1493,1
DA:1494,21
DA:1498,1
DA:1499,21
LF:472
LH:381
BRDA:10,0,0,20
BRDA:10,0,1,0
BRDA:33,1,0,20
BRDA:33,1,1,0
BRDA:35,2,0,0
BRDA:35,2,1,0
BRDA:46,3,0,1
BRDA:46,3,1,4
BRDA:100,4,0,1
BRDA:100,4,1,5
BRDA:107,5,0,2
BRDA:107,5,1,2
BRDA:107,5,2,1
BRDA:107,5,3,0
BRDA:109,6,0,2
BRDA:109,6,1,0
BRDA:110,7,0,2
BRDA:110,7,1,2
BRDA:112,8,0,0
BRDA:112,8,1,0
BRDA:113,9,0,0
BRDA:113,9,1,0
BRDA:115,10,0,0
BRDA:115,10,1,0
BRDA:116,11,0,0
BRDA:116,11,1,0
BRDA:122,12,0,2
BRDA:122,12,1,0
BRDA:123,13,0,2
BRDA:123,13,1,1
BRDA:125,14,0,0
BRDA:125,14,1,0
BRDA:126,15,0,0
BRDA:126,15,1,0
BRDA:128,16,0,0
BRDA:128,16,1,0
BRDA:129,17,0,0
BRDA:129,17,1,0
BRDA:135,18,0,1
BRDA:135,18,1,0
BRDA:138,19,0,0
BRDA:138,19,1,0
BRDA:141,20,0,0
BRDA:141,20,1,0
BRDA:148,21,0,0
BRDA:148,21,1,0
BRDA:156,22,0,1
BRDA:156,22,1,4
BRDA:175,23,0,4
BRDA:175,23,1,0
BRDA:214,24,0,0
BRDA:214,24,1,1
BRDA:214,25,0,4
BRDA:214,25,1,0
BRDA:217,26,0,0
BRDA:217,26,1,0
BRDA:222,27,0,0
BRDA:222,27,1,0
BRDA:238,28,0,0
BRDA:238,28,1,1
BRDA:238,29,0,1
BRDA:238,29,1,0
BRDA:275,30,0,1
BRDA:275,30,1,3
BRDA:275,31,0,4
BRDA:275,31,1,3
BRDA:281,32,0,7
BRDA:281,32,1,7
BRDA:335,33,0,3
BRDA:335,33,1,0
BRDA:341,34,0,2
BRDA:341,34,1,0
BRDA:341,35,0,2
BRDA:341,35,1,2
BRDA:345,36,0,0
BRDA:345,36,1,4
BRDA:412,37,0,20
BRDA:412,37,1,20
BRDA:414,38,0,0
BRDA:414,38,1,20
BRDA:424,39,0,20
BRDA:424,39,1,0
BRDA:425,40,0,20
BRDA:425,40,1,0
BRDA:441,41,0,1
BRDA:441,41,1,5
BRDA:452,42,0,2
BRDA:452,42,1,3
BRDA:467,43,0,2
BRDA:467,43,1,1
BRDA:482,44,0,0
BRDA:482,44,1,2
BRDA:562,45,0,2
BRDA:562,45,1,2
BRDA:605,46,0,1
BRDA:605,46,1,3
BRDA:669,47,0,1
BRDA:669,47,1,0
BRDA:700,48,0,1
BRDA:700,48,1,1
BRDA:747,49,0,0
BRDA:747,49,1,0
BRDA:784,50,0,0
BRDA:784,50,1,0
BRDA:906,51,0,2
BRDA:906,51,1,0
BRDA:986,52,0,2
BRDA:986,52,1,1
BRDA:1021,53,0,1
BRDA:1021,53,1,0
BRDA:1094,54,0,2
BRDA:1094,54,1,11
BRDA:1116,55,0,2
BRDA:1116,55,1,9
BRDA:1117,56,0,11
BRDA:1117,56,1,8
BRDA:1121,57,0,3
BRDA:1121,57,1,8
BRDA:1129,58,0,1
BRDA:1129,58,1,0
BRDA:1149,59,0,2
BRDA:1149,59,1,1
BRDA:1166,60,0,2
BRDA:1166,60,1,7
BRDA:1176,61,0,1
BRDA:1176,61,1,6
BRDA:1176,62,0,7
BRDA:1176,62,1,1
BRDA:1180,63,0,1
BRDA:1180,63,1,2
BRDA:1180,64,0,3
BRDA:1180,64,1,1
BRDA:1180,64,2,1
BRDA:1182,65,0,1
BRDA:1182,65,1,0
BRDA:1185,66,0,1
BRDA:1185,66,1,1
BRDA:1194,67,0,0
BRDA:1194,67,1,1
BRDA:1197,68,0,0
BRDA:1197,68,1,0
BRDA:1202,69,0,0
BRDA:1202,69,1,0
BRDA:1204,70,0,0
BRDA:1204,70,1,0
BRDA:1204,71,0,0
BRDA:1204,71,1,0
BRDA:1204,71,2,0
BRDA:1206,72,0,0
BRDA:1206,72,1,0
BRDA:1215,73,0,1
BRDA:1215,73,1,5
BRDA:1215,74,0,6
BRDA:1215,74,1,1
BRDA:1225,75,0,7
BRDA:1225,75,1,0
BRDA:1226,76,0,7
BRDA:1226,76,1,0
BRDA:1227,77,0,1
BRDA:1227,77,1,6
BRDA:1262,78,0,1
BRDA:1262,78,1,5
BRDA:1262,79,0,6
BRDA:1262,79,1,1
BRDA:1262,79,2,1
BRDA:1272,80,0,1
BRDA:1272,80,1,2
BRDA:1276,81,0,1
BRDA:1276,81,1,0
BRDA:1277,82,0,1
BRDA:1277,82,1,0
BRDA:1281,83,0,1
BRDA:1281,83,1,0
BRDA:1286,84,0,1
BRDA:1286,84,1,0
BRDA:1286,85,0,1
BRDA:1286,85,1,0
BRDA:1286,85,2,0
BRDA:1289,86,0,1
BRDA:1289,86,1,0
BRDA:1290,87,0,1
BRDA:1290,87,1,0
BRDA:1291,88,0,1
BRDA:1291,88,1,0
BRDA:1292,89,0,1
BRDA:1292,89,1,1
BRDA:1299,90,0,1
BRDA:1299,90,1,1
BRDA:1318,91,0,3
BRDA:1318,91,1,1
BRDA:1319,92,0,3
BRDA:1319,92,1,1
BRDA:1320,93,0,3
BRDA:1320,93,1,1
BRDA:1321,94,0,3
BRDA:1321,94,1,1
BRDA:1322,95,0,3
BRDA:1322,95,1,2
BRDA:1341,96,0,2
BRDA:1341,96,1,4
BRDA:1345,97,0,4
BRDA:1345,97,1,2
BRDA:1351,98,0,4
BRDA:1351,98,1,0
BRDA:1351,99,0,4
BRDA:1351,99,1,4
BRDA:1403,100,0,6
BRDA:1403,100,1,0
BRDA:1404,101,0,6
BRDA:1404,101,1,0
BRDA:1408,102,0,2
BRDA:1408,102,1,4
BRDA:1423,103,0,126
BRDA:1423,103,1,102
BRDA:1428,104,0,84
BRDA:1428,104,1,68
BRDA:1433,105,0,84
BRDA:1433,105,1,68
BRDA:1438,106,0,42
BRDA:1438,106,1,34
BRDA:1445,107,0,168
BRDA:1445,107,1,136
BRDA:1450,108,0,84
BRDA:1450,108,1,68
BRDA:1457,109,0,273
BRDA:1457,109,1,221
BRDA:1462,110,0,105
BRDA:1462,110,1,85
BRDA:1467,111,0,21
BRDA:1467,111,1,17
BRDA:1474,112,0,63
BRDA:1474,112,1,51
BRDA:1479,113,0,84
BRDA:1479,113,1,68
BRDA:1484,114,0,63
BRDA:1484,114,1,51
BRDA:1489,115,0,42
BRDA:1489,115,1,34
BRDA:1494,116,0,21
BRDA:1494,116,1,17
BRDA:1499,117,0,21
BRDA:1499,117,1,17
BRF:242
BRH:161
end_of_record
